<?xml version="1.0" encoding="UTF-8"?>
<!-- Generated by org.testng.reporters.JUnitReportReporter -->
<testsuite skipped="0" hostname="nitin-PC" name="firstdemo.Class3" tests="1" failures="0" timestamp="01 Jul 2017 14:33:04 GMT" time="0.020" errors="0">
  <testcase name="f" time="0.020" classname="firstdemo.Class3"/>
</testsuite> <!-- firstdemo.Class3 -->
