<?xml version="1.0" encoding="UTF-8"?>
<!-- Generated by org.testng.reporters.JUnitReportReporter -->
<testsuite skipped="0" hostname="NitinKumar-Testing" name="firstdemo.Class3" tests="1" failures="0" timestamp="03 Jul 2017 11:18:35 GMT" time="0.004" errors="0">
  <testcase name="f" time="0.004" classname="firstdemo.Class3"/>
</testsuite> <!-- firstdemo.Class3 -->
