<?xml version="1.0" encoding="UTF-8"?>
<!-- Generated by org.testng.reporters.JUnitReportReporter -->
<testsuite skipped="0" hostname="nitin-PC" name="firstdemo.Class1" tests="1" failures="0" timestamp="01 Jul 2017 14:33:04 GMT" time="0.007" errors="0">
  <testcase name="f" time="0.007" classname="firstdemo.Class1"/>
</testsuite> <!-- firstdemo.Class1 -->
