<?xml version="1.0" encoding="UTF-8"?>
<!-- Generated by org.testng.reporters.JUnitReportReporter -->
<testsuite skipped="0" hostname="NitinKumar-Testing" name="firstdemo.Class1" tests="3" failures="0" timestamp="03 Jul 2017 11:18:35 GMT" time="0.029" errors="0">
  <testcase name="f3" time="0.007" classname="firstdemo.Class1"/>
  <testcase name="f2" time="0.011" classname="firstdemo.Class1"/>
  <testcase name="f1" time="0.011" classname="firstdemo.Class1"/>
</testsuite> <!-- firstdemo.Class1 -->
