<?xml version="1.0" encoding="UTF-8"?>
<!-- Generated by org.testng.reporters.JUnitReportReporter -->
<testsuite hostname="NitinKumar-Testing" name="com.test.mavenTestNGDemo.NewTest" tests="1" failures="0" timestamp="3 Jul 2017 07:04:29 GMT" time="0.019" errors="0">
  <testcase name="demoTest" time="0.019" classname="com.test.mavenTestNGDemo.NewTest"/>
</testsuite> <!-- com.test.mavenTestNGDemo.NewTest -->
