<?xml version="1.0" encoding="UTF-8"?>
<!-- Generated by org.testng.reporters.JUnitReportReporter -->
<testsuite hostname="nitin-PC" name="com.test.mavenTestNGDemo.NewTest" tests="1" failures="0" timestamp="1 Jul 2017 22:46:23 GMT" time="0.031" errors="0">
  <testcase name="demoTest" time="0.031" classname="com.test.mavenTestNGDemo.NewTest"/>
</testsuite> <!-- com.test.mavenTestNGDemo.NewTest -->
